<?xml version="1.0" encoding="UTF-8"?>
<coverage generated="1664373885194" clover="3.2.0">
  <project timestamp="1664373885194" name="All files">
    <metrics statements="3" coveredstatements="3" conditionals="0" coveredconditionals="0" methods="2" coveredmethods="2" elements="5" coveredelements="5" complexity="0" loc="3" ncloc="3" packages="1" files="1" classes="1"/>
    <file name="ActionButton.vue" path="/home/terence/TekStadia/Course-Development/job-search/src/components/ActionButton.vue">
      <metrics statements="3" coveredstatements="3" conditionals="0" coveredconditionals="0" methods="2" coveredmethods="2"/>
      <line num="8" count="1" type="stmt"/>
      <line num="12" count="2" type="stmt"/>
      <line num="16" count="2" type="stmt"/>
    </file>
  </project>
</coverage>
